<?xml version="1.0" encoding="UTF-8"?>
<!-- Generated by org.testng.reporters.JUnitXMLReporter -->
<testsuite hostname="12HW000577" ignored="0" name="Test2" tests="1" failures="1" timestamp="13 May 2018 14:54:28 GMT" time="4.47" errors="0">
  <testcase name="@AfterTest closeBrowser" time="0.001" classname="module6.Scenario3">
    <failure type="java.lang.NullPointerException">
      <![CDATA[java.lang.NullPointerException
at module6.Scenario3.closeBrowser(Scenario3.java:52)
... Removed 24 stack frames]]>
    </failure>
  </testcase> <!-- @AfterTest closeBrowser -->
  <testcase name="login_TestCase" time="0.002" classname="module6.Scenario3">
    <failure type="java.lang.NullPointerException">
      <![CDATA[java.lang.NullPointerException
at module6.Scenario3.login_TestCase(Scenario3.java:47)
... Removed 25 stack frames]]>
    </failure>
  </testcase> <!-- login_TestCase -->
</testsuite> <!-- Test2 -->
