<?xml version="1.0" encoding="UTF-8"?>
<testng-results skipped="0" failed="0" ignored="0" total="1" passed="1">
  <reporter-output>
  </reporter-output>
  <suite name="Default suite" duration-ms="22545" started-at="2018-05-24T18:40:07Z" finished-at="2018-05-24T18:40:30Z">
    <groups>
    </groups>
    <test name="Default test" duration-ms="22545" started-at="2018-05-24T18:40:07Z" finished-at="2018-05-24T18:40:30Z">
      <class name="module9.DDT.CaseStudyModule9">
        <test-method status="PASS" signature="openBrowser()[pri:0, instance:module9.DDT.CaseStudyModule9@5bcea91b]" name="openBrowser" is-config="true" duration-ms="12836" started-at="2018-05-24T18:40:07Z" finished-at="2018-05-24T18:40:20Z">
          <reporter-output>
          </reporter-output>
        </test-method> <!-- openBrowser -->
        <test-method status="PASS" signature="EdurekaTest(java.lang.String, java.lang.String)[pri:0, instance:module9.DDT.CaseStudyModule9@5bcea91b]" name="EdurekaTest" duration-ms="9472" started-at="2018-05-24T18:40:20Z" data-provider="TestData1" finished-at="2018-05-24T18:40:30Z">
          <params>
            <param index="0">
              <value>
                <![CDATA[abcedureka@gmail.com]]>
              </value>
            </param>
            <param index="1">
              <value>
                <![CDATA[ABC@2018]]>
              </value>
            </param>
          </params>
          <reporter-output>
          </reporter-output>
        </test-method> <!-- EdurekaTest -->
      </class> <!-- module9.DDT.CaseStudyModule9 -->
    </test> <!-- Default test -->
  </suite> <!-- Default suite -->
</testng-results>
