<?xml version="1.0" encoding="UTF-8"?>
<!-- Generated by org.testng.reporters.JUnitXMLReporter -->
<testsuite hostname="12HW000577" ignored="2" name="GroupExecution1" tests="2" failures="0" timestamp="13 May 2018 12:07:52 GMT" time="0.022" errors="0">
  <testcase name="TC2" time="0.003" classname="module6.Scenario2"/>
  <testcase name="TC4" time="0.005" classname="module6.Scenario2"/>
  <testcase name="TC1" time="0.0" classname="module6.Scenario2">
    <ignored/>
  </testcase> <!-- TC1 -->
  <testcase name="TC3" time="0.0" classname="module6.Scenario2">
    <ignored/>
  </testcase> <!-- TC3 -->
</testsuite> <!-- GroupExecution1 -->
