<?xml version="1.0" encoding="UTF-8"?>
<!-- Generated by org.testng.reporters.JUnitXMLReporter -->
<testsuite hostname="12HW000577" ignored="2" name="GroupExecution" tests="4" failures="0" timestamp="13 May 2018 12:22:52 GMT" time="0.071" errors="0">
  <testcase name="TC2" time="0.013" classname="module6.Scenario2"/>
  <testcase name="TC4" time="0.003" classname="module6.Scenario2"/>
  <testcase name="TC5" time="0.006" classname="module6.Scenario2"/>
  <testcase name="TC6" time="0.002" classname="module6.Scenario2"/>
  <testcase name="TC1" time="0.0" classname="module6.Scenario2">
    <ignored/>
  </testcase> <!-- TC1 -->
  <testcase name="TC3" time="0.0" classname="module6.Scenario2">
    <ignored/>
  </testcase> <!-- TC3 -->
</testsuite> <!-- GroupExecution -->
